<?xml version="1.0" encoding="UTF-8"?>
<!-- Generated by org.testng.reporters.JUnitReportReporter -->
<testsuite hostname="Fatimas-MBP.home" failures="0" tests="1" name="com.ebay.runners.TestRunner" time="0.000" errors="0" timestamp="25 Jul 2020 23:18:41 GMT" skipped="1">
  <testcase classname="com.ebay.runners.TestRunner" name="feature" time="0.000">
    <skipped/>
  </testcase> <!-- feature -->
</testsuite> <!-- com.ebay.runners.TestRunner -->
